Warning[207] D:\REAL TIME\SIMPLE CALC\SIMPLE_CALC.ASM 100 : Found label after column 1. (huns1)
Warning[207] D:\REAL TIME\SIMPLE CALC\SIMPLE_CALC.ASM 107 : Found label after column 1. (RBO_INTR)
Message[305] D:\REAL TIME\SIMPLE CALC\SIMPLE_CALC.ASM 108 : Using default destination of 1 (file).
Warning[207] D:\REAL TIME\SIMPLE CALC\SIMPLE_CALC.ASM 114 : Found label after column 1. (zero_huns)
Warning[207] D:\REAL TIME\SIMPLE CALC\SIMPLE_CALC.ASM 117 : Found label after column 1. (TM0_INT)
Message[305] D:\REAL TIME\SIMPLE CALC\SIMPLE_CALC.ASM 118 : Using default destination of 1 (file).
Warning[207] D:\REAL TIME\SIMPLE CALC\SIMPLE_CALC.ASM 124 : Found label after column 1. (dis_TM0)
Message[305] D:\REAL TIME\SIMPLE CALC\SIMPLE_CALC.ASM 127 : Using default destination of 1 (file).
Warning[207] D:\REAL TIME\SIMPLE CALC\SIMPLE_CALC.ASM 135 : Found label after column 1. (dis_RB0)
Warning[207] D:\REAL TIME\SIMPLE CALC\SIMPLE_CALC.ASM 142 : Found label after column 1. (tens1)
Warning[207] D:\REAL TIME\SIMPLE CALC\SIMPLE_CALC.ASM 149 : Found label after column 1. (RBO_INTR1)
Message[305] D:\REAL TIME\SIMPLE CALC\SIMPLE_CALC.ASM 150 : Using default destination of 1 (file).
Warning[207] D:\REAL TIME\SIMPLE CALC\SIMPLE_CALC.ASM 160 : Found label after column 1. (rolling_tens_5_0)
Warning[207] D:\REAL TIME\SIMPLE CALC\SIMPLE_CALC.ASM 166 : Found label after column 1. (zero_tens)
Warning[207] D:\REAL TIME\SIMPLE CALC\SIMPLE_CALC.ASM 169 : Found label after column 1. (TM0_INT1)
Message[305] D:\REAL TIME\SIMPLE CALC\SIMPLE_CALC.ASM 170 : Using default destination of 1 (file).
Warning[207] D:\REAL TIME\SIMPLE CALC\SIMPLE_CALC.ASM 176 : Found label after column 1. (dis_TM01)
Message[305] D:\REAL TIME\SIMPLE CALC\SIMPLE_CALC.ASM 178 : Using default destination of 1 (file).
Warning[207] D:\REAL TIME\SIMPLE CALC\SIMPLE_CALC.ASM 186 : Found label after column 1. (dis_RB01)
Warning[207] D:\REAL TIME\SIMPLE CALC\SIMPLE_CALC.ASM 193 : Found label after column 1. (ones1)
Warning[207] D:\REAL TIME\SIMPLE CALC\SIMPLE_CALC.ASM 200 : Found label after column 1. (RBO_INTR2)
Message[305] D:\REAL TIME\SIMPLE CALC\SIMPLE_CALC.ASM 201 : Using default destination of 1 (file).
Warning[207] D:\REAL TIME\SIMPLE CALC\SIMPLE_CALC.ASM 206 : Found label after column 1. (normal)
Warning[207] D:\REAL TIME\SIMPLE CALC\SIMPLE_CALC.ASM 212 : Found label after column 1. (chk_tens)
Warning[207] D:\REAL TIME\SIMPLE CALC\SIMPLE_CALC.ASM 218 : Found label after column 1. (rolling_ones_5_0)
Warning[207] D:\REAL TIME\SIMPLE CALC\SIMPLE_CALC.ASM 225 : Found label after column 1. (zero_ones)
Warning[207] D:\REAL TIME\SIMPLE CALC\SIMPLE_CALC.ASM 228 : Found label after column 1. (TM0_INT2)
Message[305] D:\REAL TIME\SIMPLE CALC\SIMPLE_CALC.ASM 229 : Using default destination of 1 (file).
Warning[207] D:\REAL TIME\SIMPLE CALC\SIMPLE_CALC.ASM 235 : Found label after column 1. (dis_TM02)
Message[305] D:\REAL TIME\SIMPLE CALC\SIMPLE_CALC.ASM 237 : Using default destination of 1 (file).
Warning[207] D:\REAL TIME\SIMPLE CALC\SIMPLE_CALC.ASM 241 : Found label after column 1. (dis_RB02)
Warning[207] D:\REAL TIME\SIMPLE CALC\SIMPLE_CALC.ASM 248 : Found label after column 1. (operation)
Message[305] D:\REAL TIME\SIMPLE CALC\SIMPLE_CALC.ASM 249 : Using default destination of 1 (file).
Warning[207] D:\REAL TIME\SIMPLE CALC\SIMPLE_CALC.ASM 254 : Found label after column 1. (cont_oper)
Warning[207] D:\REAL TIME\SIMPLE CALC\SIMPLE_CALC.ASM 261 : Found label after column 1. (RBO_INTR3)
Warning[207] D:\REAL TIME\SIMPLE CALC\SIMPLE_CALC.ASM 266 : Found label after column 1. (mul_op)
Message[305] D:\REAL TIME\SIMPLE CALC\SIMPLE_CALC.ASM 267 : Using default destination of 1 (file).
Warning[207] D:\REAL TIME\SIMPLE CALC\SIMPLE_CALC.ASM 271 : Found label after column 1. (add_op)
Message[305] D:\REAL TIME\SIMPLE CALC\SIMPLE_CALC.ASM 272 : Using default destination of 1 (file).
Warning[207] D:\REAL TIME\SIMPLE CALC\SIMPLE_CALC.ASM 276 : Found label after column 1. (TM0_INT3)
Message[305] D:\REAL TIME\SIMPLE CALC\SIMPLE_CALC.ASM 277 : Using default destination of 1 (file).
Warning[207] D:\REAL TIME\SIMPLE CALC\SIMPLE_CALC.ASM 283 : Found label after column 1. (dis_TM03)
Message[305] D:\REAL TIME\SIMPLE CALC\SIMPLE_CALC.ASM 285 : Using default destination of 1 (file).
Warning[207] D:\REAL TIME\SIMPLE CALC\SIMPLE_CALC.ASM 292 : Found label after column 1. (first_click)
Message[305] D:\REAL TIME\SIMPLE CALC\SIMPLE_CALC.ASM 293 : Using default destination of 1 (file).
Warning[207] D:\REAL TIME\SIMPLE CALC\SIMPLE_CALC.ASM 296 : Found label after column 1. (huns2)
Warning[207] D:\REAL TIME\SIMPLE CALC\SIMPLE_CALC.ASM 303 : Found label after column 1. (RBO_INTR4)
Message[305] D:\REAL TIME\SIMPLE CALC\SIMPLE_CALC.ASM 304 : Using default destination of 1 (file).
Warning[207] D:\REAL TIME\SIMPLE CALC\SIMPLE_CALC.ASM 310 : Found label after column 1. (zero_huns2)
Warning[207] D:\REAL TIME\SIMPLE CALC\SIMPLE_CALC.ASM 313 : Found label after column 1. (TM0_INT4)
Message[305] D:\REAL TIME\SIMPLE CALC\SIMPLE_CALC.ASM 314 : Using default destination of 1 (file).
Warning[207] D:\REAL TIME\SIMPLE CALC\SIMPLE_CALC.ASM 320 : Found label after column 1. (dis_TM04)
Message[305] D:\REAL TIME\SIMPLE CALC\SIMPLE_CALC.ASM 323 : Using default destination of 1 (file).
Warning[207] D:\REAL TIME\SIMPLE CALC\SIMPLE_CALC.ASM 331 : Found label after column 1. (dis_RB04)
Warning[207] D:\REAL TIME\SIMPLE CALC\SIMPLE_CALC.ASM 338 : Found label after column 1. (tens2)
Warning[207] D:\REAL TIME\SIMPLE CALC\SIMPLE_CALC.ASM 345 : Found label after column 1. (RBO_INTR5)
Message[305] D:\REAL TIME\SIMPLE CALC\SIMPLE_CALC.ASM 346 : Using default destination of 1 (file).
Warning[207] D:\REAL TIME\SIMPLE CALC\SIMPLE_CALC.ASM 356 : Found label after column 1. (rolling_tens2_5_0)
Warning[207] D:\REAL TIME\SIMPLE CALC\SIMPLE_CALC.ASM 362 : Found label after column 1. (zero_tens2)
Warning[207] D:\REAL TIME\SIMPLE CALC\SIMPLE_CALC.ASM 365 : Found label after column 1. (TM0_INT5)
Message[305] D:\REAL TIME\SIMPLE CALC\SIMPLE_CALC.ASM 366 : Using default destination of 1 (file).
Warning[207] D:\REAL TIME\SIMPLE CALC\SIMPLE_CALC.ASM 372 : Found label after column 1. (dis_TM05)
Message[305] D:\REAL TIME\SIMPLE CALC\SIMPLE_CALC.ASM 374 : Using default destination of 1 (file).
Warning[207] D:\REAL TIME\SIMPLE CALC\SIMPLE_CALC.ASM 382 : Found label after column 1. (dis_RB05)
Warning[207] D:\REAL TIME\SIMPLE CALC\SIMPLE_CALC.ASM 389 : Found label after column 1. (ones2)
Warning[207] D:\REAL TIME\SIMPLE CALC\SIMPLE_CALC.ASM 396 : Found label after column 1. (RBO_INTR6)
Message[305] D:\REAL TIME\SIMPLE CALC\SIMPLE_CALC.ASM 397 : Using default destination of 1 (file).
Warning[207] D:\REAL TIME\SIMPLE CALC\SIMPLE_CALC.ASM 402 : Found label after column 1. (normal1)
Warning[207] D:\REAL TIME\SIMPLE CALC\SIMPLE_CALC.ASM 408 : Found label after column 1. (chk_tens2)
Warning[207] D:\REAL TIME\SIMPLE CALC\SIMPLE_CALC.ASM 414 : Found label after column 1. (rolling_ones2_5_0)
Warning[207] D:\REAL TIME\SIMPLE CALC\SIMPLE_CALC.ASM 421 : Found label after column 1. (zero_ones2)
Warning[207] D:\REAL TIME\SIMPLE CALC\SIMPLE_CALC.ASM 424 : Found label after column 1. (TM0_INT6)
Message[305] D:\REAL TIME\SIMPLE CALC\SIMPLE_CALC.ASM 425 : Using default destination of 1 (file).
Warning[207] D:\REAL TIME\SIMPLE CALC\SIMPLE_CALC.ASM 431 : Found label after column 1. (dis_TM06)
Message[305] D:\REAL TIME\SIMPLE CALC\SIMPLE_CALC.ASM 433 : Using default destination of 1 (file).
Warning[207] D:\REAL TIME\SIMPLE CALC\SIMPLE_CALC.ASM 437 : Found label after column 1. (dis_RB06)
Warning[207] D:\REAL TIME\SIMPLE CALC\SIMPLE_CALC.ASM 446 : Found label after column 1. (cont)
Warning[203] D:\REAL TIME\SIMPLE CALC\SIMPLE_CALC.ASM 452 : Found opcode in column 1. (RETFIE)
Message[302] D:\REAL TIME\SIMPLE CALC\SIMPLE_CALC.ASM 474 : Register in operand not in bank 0.  Ensure that bank bits are correct.
Message[302] D:\REAL TIME\SIMPLE CALC\SIMPLE_CALC.ASM 497 : Register in operand not in bank 0.  Ensure that bank bits are correct.
Message[302] D:\REAL TIME\SIMPLE CALC\SIMPLE_CALC.ASM 500 : Register in operand not in bank 0.  Ensure that bank bits are correct.
Warning[207] D:\REAL TIME\SIMPLE CALC\SIMPLE_CALC.ASM 617 : Found label after column 1. (loop3)
Warning[203] D:\REAL TIME\SIMPLE CALC\SIMPLE_CALC.ASM 621 : Found opcode in column 1. (RETURN)
Warning[207] D:\REAL TIME\SIMPLE CALC\SIMPLE_CALC.ASM 626 : Found label after column 1. (loop4)
Warning[203] D:\REAL TIME\SIMPLE CALC\SIMPLE_CALC.ASM 631 : Found opcode in column 1. (RETURN)
Message[305] D:\REAL TIME\SIMPLE CALC\SIMPLE_CALC.ASM 637 : Using default destination of 1 (file).
Message[305] D:\REAL TIME\SIMPLE CALC\SIMPLE_CALC.ASM 638 : Using default destination of 1 (file).
Message[305] D:\REAL TIME\SIMPLE CALC\SIMPLE_CALC.ASM 642 : Using default destination of 1 (file).
Message[305] D:\REAL TIME\SIMPLE CALC\SIMPLE_CALC.ASM 643 : Using default destination of 1 (file).
Message[305] D:\REAL TIME\SIMPLE CALC\SIMPLE_CALC.ASM 650 : Using default destination of 1 (file).
Message[305] D:\REAL TIME\SIMPLE CALC\SIMPLE_CALC.ASM 651 : Using default destination of 1 (file).
Message[305] D:\REAL TIME\SIMPLE CALC\SIMPLE_CALC.ASM 655 : Using default destination of 1 (file).
Message[305] D:\REAL TIME\SIMPLE CALC\SIMPLE_CALC.ASM 656 : Using default destination of 1 (file).
Message[305] D:\REAL TIME\SIMPLE CALC\SIMPLE_CALC.ASM 668 : Using default destination of 1 (file).
Message[305] D:\REAL TIME\SIMPLE CALC\SIMPLE_CALC.ASM 669 : Using default destination of 1 (file).
Message[305] D:\REAL TIME\SIMPLE CALC\SIMPLE_CALC.ASM 670 : Using default destination of 1 (file).
Warning[203] D:\REAL TIME\SIMPLE CALC\SIMPLE_CALC.ASM 677 : Found opcode in column 1. (RETURN)
Warning[203] D:\REAL TIME\SIMPLE CALC\SIMPLE_CALC.ASM 684 : Found opcode in column 1. (RETURN)
Warning[207] D:\REAL TIME\SIMPLE CALC\SIMPLE_CALC.ASM 688 : Found label after column 1. (loop5)
Warning[203] D:\REAL TIME\SIMPLE CALC\SIMPLE_CALC.ASM 692 : Found opcode in column 1. (RETURN)
Warning[207] D:\REAL TIME\SIMPLE CALC\SIMPLE_CALC.ASM 696 : Found label after column 1. (loop3d)
Warning[207] D:\REAL TIME\SIMPLE CALC\SIMPLE_CALC.ASM 699 : Found label after column 1. (loop2d)
Warning[207] D:\REAL TIME\SIMPLE CALC\SIMPLE_CALC.ASM 702 : Found label after column 1. (loopd)
Warning[203] D:\REAL TIME\SIMPLE CALC\SIMPLE_CALC.ASM 711 : Found opcode in column 1. (return)
Message[305] D:\REAL TIME\SIMPLE CALC\LCDIS.INC 26 : Using default destination of 1 (file).
Message[305] D:\REAL TIME\SIMPLE CALC\LCDIS.INC 36 : Using default destination of 1 (file).
Message[305] D:\REAL TIME\SIMPLE CALC\LCDIS.INC 61 : Using default destination of 1 (file).
